[0.013s] Invoking command in '/workspaces/local_ros_ws/simpleservice_ws/build/cpp_srvcli': CMAKE_PREFIX_PATH=/workspaces/local_ros_ws/simpleservice_ws/install/tutorial_interfaces:/workspaces/local_ros_ws/simpleservice_ws/install/cpp_srvcli:/opt/ros/jazzy/opt/gz_math_vendor:/opt/ros/jazzy/opt/gz_utils_vendor:/opt/ros/jazzy/opt/gz_cmake_vendor:/opt/ros/jazzy /usr/bin/cmake --build /workspaces/local_ros_ws/simpleservice_ws/build/cpp_srvcli -- -j8 -l8
[0.076s] [ 25%] [32mBuilding CXX object CMakeFiles/server.dir/src/motor_node.cpp.o[0m
[0.190s] [ 50%] [32mBuilding CXX object CMakeFiles/client.dir/src/control_node.cpp.o[0m
[0.462s] [01m[K/workspaces/local_ros_ws/simpleservice_ws/src/cpp_srvcli/src/motor_node.cpp:2:10:[m[K [01;31m[Kfatal error: [m[Ktutorial_interfaces/srv/SpeedControl.srv: No such file or directory
[0.463s]     2 | #include [01;31m[K"tutorial_interfaces/srv/SpeedControl.srv"[m[K
[0.463s]       |          [01;31m[K^~~~~~~~~~~~~~~~~~~~~~~~~~~~~~~~~~~~~~~~~~[m[K
[0.463s] compilation terminated.
[0.463s] gmake[2]: *** [CMakeFiles/server.dir/build.make:76: CMakeFiles/server.dir/src/motor_node.cpp.o] Error 1
[0.464s] gmake[1]: *** [CMakeFiles/Makefile2:139: CMakeFiles/server.dir/all] Error 2
[0.464s] gmake[1]: *** Waiting for unfinished jobs....
[1.575s] [01m[K/workspaces/local_ros_ws/simpleservice_ws/src/cpp_srvcli/src/control_node.cpp:[m[K In function â€˜[01m[Kvoid[01;32m[K send_speed_command[m[K(const std::shared_ptr<rclcpp::Node>&, const rclcpp::Client<tutorial_interfaces::srv::SpeedControl>::SharedPtr&, int)[m[Kâ€™:
[1.576s] [01m[K/workspaces/local_ros_ws/simpleservice_ws/src/cpp_srvcli/src/control_node.cpp:34:12:[m[K [01;31m[Kerror: [m[Kâ€˜[01m[Kusing std::__shared_ptr_access<tutorial_interfaces::srv::SpeedControl_Request_<std::allocator<void> >, __gnu_cxx::_S_atomic, false, false>::element_type = struct tutorial_interfaces::srv::SpeedControl_Request_<std::allocator<void> >[m[Kâ€™ {aka â€˜[01m[Kstruct tutorial_interfaces::srv::SpeedControl_Request_<std::allocator<void> >[m[Kâ€™} has no member named â€˜[01m[Kspeed[m[Kâ€™
[1.576s]    34 |   request->[01;31m[Kspeed[m[K = speed_control; // Adjust field name if needed
[1.577s]       |            [01;31m[K^~~~~[m[K
[1.578s] [01m[K/workspaces/local_ros_ws/simpleservice_ws/src/cpp_srvcli/src/control_node.cpp:34:20:[m[K [01;31m[Kerror: [m[Kâ€˜[01m[Kspeed_control[m[Kâ€™ was not declared in this scope
[1.579s]    34 |   request->speed = [01;31m[Kspeed_control[m[K; // Adjust field name if needed
[1.579s]       |                    [01;31m[K^~~~~~~~~~~~~[m[K
[2.084s] gmake[2]: *** [CMakeFiles/client.dir/build.make:76: CMakeFiles/client.dir/src/control_node.cpp.o] Error 1
[2.085s] gmake[1]: *** [CMakeFiles/Makefile2:165: CMakeFiles/client.dir/all] Error 2
[2.085s] gmake: *** [Makefile:146: all] Error 2
[2.086s] Invoked command in '/workspaces/local_ros_ws/simpleservice_ws/build/cpp_srvcli' returned '2': CMAKE_PREFIX_PATH=/workspaces/local_ros_ws/simpleservice_ws/install/tutorial_interfaces:/workspaces/local_ros_ws/simpleservice_ws/install/cpp_srvcli:/opt/ros/jazzy/opt/gz_math_vendor:/opt/ros/jazzy/opt/gz_utils_vendor:/opt/ros/jazzy/opt/gz_cmake_vendor:/opt/ros/jazzy /usr/bin/cmake --build /workspaces/local_ros_ws/simpleservice_ws/build/cpp_srvcli -- -j8 -l8
