[01m[K/workspaces/local_ros_ws/simpleservice_ws/src/cpp_srvcli/src/motor_node.cpp:2:10:[m[K [01;31m[Kfatal error: [m[Ktutorial_interfaces/srv/SpeedControl.srv: No such file or directory
    2 | #include [01;31m[K"tutorial_interfaces/srv/SpeedControl.srv"[m[K
      |          [01;31m[K^~~~~~~~~~~~~~~~~~~~~~~~~~~~~~~~~~~~~~~~~~[m[K
compilation terminated.
gmake[2]: *** [CMakeFiles/server.dir/build.make:76: CMakeFiles/server.dir/src/motor_node.cpp.o] Error 1
gmake[1]: *** [CMakeFiles/Makefile2:139: CMakeFiles/server.dir/all] Error 2
gmake[1]: *** Waiting for unfinished jobs....
[01m[K/workspaces/local_ros_ws/simpleservice_ws/src/cpp_srvcli/src/control_node.cpp:28:25:[m[K [01;31m[Kerror: [m[Kâ€˜[01m[Krclcpp[m[Kâ€™ was not declared in this scope
   28 |   const std::shared_ptr<[01;31m[Krclcpp[m[K::Node>& node,
      |                         [01;31m[K^~~~~~[m[K
[01m[K/workspaces/local_ros_ws/simpleservice_ws/src/cpp_srvcli/src/control_node.cpp:28:37:[m[K [01;31m[Kerror: [m[Ktemplate argument 1 is invalid
   28 |   const std::shared_ptr<rclcpp::Node[01;31m[K>[m[K& node,
      |                                     [01;31m[K^[m[K
[01m[K/workspaces/local_ros_ws/simpleservice_ws/src/cpp_srvcli/src/control_node.cpp:28:25:[m[K [01;31m[Kerror: [m[Kâ€˜[01m[Krclcpp[m[Kâ€™ was not declared in this scope
   28 |   const std::shared_ptr<[01;31m[Krclcpp[m[K::Node>& node,
      |                         [01;31m[K^~~~~~[m[K
[01m[K/workspaces/local_ros_ws/simpleservice_ws/src/cpp_srvcli/src/control_node.cpp:28:37:[m[K [01;31m[Kerror: [m[Ktemplate argument 1 is invalid
   28 |   const std::shared_ptr<rclcpp::Node[01;31m[K>[m[K& node,
      |                                     [01;31m[K^[m[K
[01m[K/workspaces/local_ros_ws/simpleservice_ws/src/cpp_srvcli/src/control_node.cpp:28:25:[m[K [01;31m[Kerror: [m[Kâ€˜[01m[Krclcpp[m[Kâ€™ was not declared in this scope
   28 |   const std::shared_ptr<[01;31m[Krclcpp[m[K::Node>& node,
      |                         [01;31m[K^~~~~~[m[K
[01m[K/workspaces/local_ros_ws/simpleservice_ws/src/cpp_srvcli/src/control_node.cpp:28:37:[m[K [01;31m[Kerror: [m[Ktemplate argument 1 is invalid
   28 |   const std::shared_ptr<rclcpp::Node[01;31m[K>[m[K& node,
      |                                     [01;31m[K^[m[K
[01m[K/workspaces/local_ros_ws/simpleservice_ws/src/cpp_srvcli/src/control_node.cpp:28:9:[m[K [01;31m[Kerror: [m[Kinvalid template-id
   28 |   const [01;31m[Kstd[m[K::shared_ptr<rclcpp::Node>& node,
      |         [01;31m[K^~~[m[K
[01m[K/workspaces/local_ros_ws/simpleservice_ws/src/cpp_srvcli/src/control_node.cpp:28:25:[m[K [01;31m[Kerror: [m[Kâ€˜[01m[Krclcpp[m[Kâ€™ was not declared in this scope
   28 |   const std::shared_ptr<[01;31m[Krclcpp[m[K::Node>& node,
      |                         [01;31m[K^~~~~~[m[K
[01m[K/workspaces/local_ros_ws/simpleservice_ws/src/cpp_srvcli/src/control_node.cpp:27:6:[m[K [01;31m[Kerror: [m[Kvariable or field â€˜[01m[Ksend_speed_command[m[Kâ€™ declared void
   27 | void [01;31m[Ksend_speed_command[m[K(
      |      [01;31m[K^~~~~~~~~~~~~~~~~~[m[K
[01m[K/workspaces/local_ros_ws/simpleservice_ws/src/cpp_srvcli/src/control_node.cpp:28:3:[m[K [01;31m[Kerror: [m[Kexpected primary-expression before â€˜[01m[Kconst[m[Kâ€™
   28 |   [01;31m[Kconst[m[K std::shared_ptr<rclcpp::Node>& node,
      |   [01;31m[K^~~~~[m[K
[01m[K/workspaces/local_ros_ws/simpleservice_ws/src/cpp_srvcli/src/control_node.cpp:29:3:[m[K [01;31m[Kerror: [m[Kexpected primary-expression before â€˜[01m[Kconst[m[Kâ€™
   29 |   [01;31m[Kconst[m[K rclcpp::Client<speed_srv>::SharedPtr& client,
      |   [01;31m[K^~~~~[m[K
[01m[K/workspaces/local_ros_ws/simpleservice_ws/src/cpp_srvcli/src/control_node.cpp:30:3:[m[K [01;31m[Kerror: [m[Kexpected primary-expression before â€˜[01m[Kint[m[Kâ€™
   30 |   [01;31m[Kint[m[K speed)
      |   [01;31m[K^~~[m[K
[01m[K/workspaces/local_ros_ws/simpleservice_ws/src/cpp_srvcli/src/control_node.cpp:[m[K In function â€˜[01m[Kint[01;32m[K main[m[K(int, char**)[m[Kâ€™:
[01m[K/workspaces/local_ros_ws/simpleservice_ws/src/cpp_srvcli/src/control_node.cpp:49:3:[m[K [01;31m[Kerror: [m[Kâ€˜[01m[Krclcpp[m[Kâ€™ has not been declared
   49 |   [01;31m[Krclcpp[m[K::init(argc, argv);
      |   [01;31m[K^~~~~~[m[K
[01m[K/workspaces/local_ros_ws/simpleservice_ws/src/cpp_srvcli/src/control_node.cpp:51:19:[m[K [01;31m[Kerror: [m[Kâ€˜[01m[Krclcpp[m[Kâ€™ was not declared in this scope
   51 |   std::shared_ptr<[01;31m[Krclcpp[m[K::Node> node = rclcpp::Node::make_shared("control_node");
      |                   [01;31m[K^~~~~~[m[K
[01m[K/workspaces/local_ros_ws/simpleservice_ws/src/cpp_srvcli/src/control_node.cpp:51:31:[m[K [01;31m[Kerror: [m[Ktemplate argument 1 is invalid
   51 |   std::shared_ptr<rclcpp::Node[01;31m[K>[m[K node = rclcpp::Node::make_shared("control_node");
      |                               [01;31m[K^[m[K
[01m[K/workspaces/local_ros_ws/simpleservice_ws/src/cpp_srvcli/src/control_node.cpp:51:40:[m[K [01;31m[Kerror: [m[Kâ€˜[01m[Krclcpp[m[Kâ€™ is not a class, namespace, or enumeration
   51 |   std::shared_ptr<rclcpp::Node> node = [01;31m[Krclcpp[m[K::Node::make_shared("control_node");
      |                                        [01;31m[K^~~~~~[m[K
[01m[K/workspaces/local_ros_ws/simpleservice_ws/src/cpp_srvcli/src/control_node.cpp:52:3:[m[K [01;31m[Kerror: [m[Kâ€˜[01m[Krclcpp[m[Kâ€™ is not a class, namespace, or enumeration
   52 |   [01;31m[Krclcpp[m[K::Client<speed_srv>::SharedPtr client =
      |   [01;31m[K^~~~~~[m[K
[01m[K/workspaces/local_ros_ws/simpleservice_ws/src/cpp_srvcli/src/control_node.cpp:52:27:[m[K [01;31m[Kerror: [m[Kexpected primary-expression before â€˜[01m[K>[m[Kâ€™ token
   52 |   rclcpp::Client<speed_srv[01;31m[K>[m[K::SharedPtr client =
      |                           [01;31m[K^[m[K
[01m[K/workspaces/local_ros_ws/simpleservice_ws/src/cpp_srvcli/src/control_node.cpp:52:30:[m[K [01;31m[Kerror: [m[Kâ€˜[01m[K::SharedPtr[m[Kâ€™ has not been declared
   52 |   rclcpp::Client<speed_srv>::[01;31m[KSharedPtr[m[K client =
      |                              [01;31m[K^~~~~~~~~[m[K
[01m[K/workspaces/local_ros_ws/simpleservice_ws/src/cpp_srvcli/src/control_node.cpp:55:11:[m[K [01;31m[Kerror: [m[Kâ€˜[01m[Kclient[m[Kâ€™ was not declared in this scope
   55 |   while (![01;31m[Kclient[m[K->wait_for_service(1s)) {
      |           [01;31m[K^~~~~~[m[K
[01m[K/workspaces/local_ros_ws/simpleservice_ws/src/cpp_srvcli/src/control_node.cpp:56:10:[m[K [01;31m[Kerror: [m[Kâ€˜[01m[Krclcpp[m[Kâ€™ is not a class, namespace, or enumeration
   56 |     if (![01;31m[Krclcpp[m[K::ok()) {
      |          [01;31m[K^~~~~~[m[K
[01m[K/workspaces/local_ros_ws/simpleservice_ws/src/cpp_srvcli/src/control_node.cpp:57:20:[m[K [01;31m[Kerror: [m[Kâ€˜[01m[Krclcpp[m[Kâ€™ is not a class, namespace, or enumeration
   57 |       RCLCPP_ERROR([01;31m[Krclcpp[m[K::get_logger("rclcpp"), "Interrupted while waiting for the service. Exiting.");
      |                    [01;31m[K^~~~~~[m[K
[01m[K/workspaces/local_ros_ws/simpleservice_ws/src/cpp_srvcli/src/control_node.cpp:57:7:[m[K [01;31m[Kerror: [m[Kâ€˜[01m[KRCLCPP_ERROR[m[Kâ€™ was not declared in this scope
   57 |       [01;31m[KRCLCPP_ERROR[m[K(rclcpp::get_logger("rclcpp"), "Interrupted while waiting for the service. Exiting.");
      |       [01;31m[K^~~~~~~~~~~~[m[K
[01m[K/workspaces/local_ros_ws/simpleservice_ws/src/cpp_srvcli/src/control_node.cpp:60:17:[m[K [01;31m[Kerror: [m[Kâ€˜[01m[Krclcpp[m[Kâ€™ is not a class, namespace, or enumeration
   60 |     RCLCPP_INFO([01;31m[Krclcpp[m[K::get_logger("rclcpp"), "service not available, waiting again..."); //kolla pÃ¥ can stop i denna situation
      |                 [01;31m[K^~~~~~[m[K
[01m[K/workspaces/local_ros_ws/simpleservice_ws/src/cpp_srvcli/src/control_node.cpp:60:5:[m[K [01;31m[Kerror: [m[Kâ€˜[01m[KRCLCPP_INFO[m[Kâ€™ was not declared in this scope
   60 |     [01;31m[KRCLCPP_INFO[m[K(rclcpp::get_logger("rclcpp"), "service not available, waiting again..."); //kolla pÃ¥ can stop i denna situation
      |     [01;31m[K^~~~~~~~~~~[m[K
[01m[K/workspaces/local_ros_ws/simpleservice_ws/src/cpp_srvcli/src/control_node.cpp:64:10:[m[K [01;31m[Kerror: [m[Kâ€˜[01m[Krclcpp[m[Kâ€™ is not a class, namespace, or enumeration
   64 |   while ([01;31m[Krclcpp[m[K::ok()) {
      |          [01;31m[K^~~~~~[m[K
[01m[K/workspaces/local_ros_ws/simpleservice_ws/src/cpp_srvcli/src/control_node.cpp:76:30:[m[K [01;31m[Kerror: [m[Kâ€˜[01m[Kclient[m[Kâ€™ was not declared in this scope
   76 |     send_speed_command(node, [01;31m[Kclient[m[K, speed);
      |                              [01;31m[K^~~~~~[m[K
[01m[K/workspaces/local_ros_ws/simpleservice_ws/src/cpp_srvcli/src/control_node.cpp:76:5:[m[K [01;31m[Kerror: [m[Kâ€˜[01m[Ksend_speed_command[m[Kâ€™ was not declared in this scope
   76 |     [01;31m[Ksend_speed_command[m[K(node, client, speed);
      |     [01;31m[K^~~~~~~~~~~~~~~~~~[m[K
[01m[K/workspaces/local_ros_ws/simpleservice_ws/src/cpp_srvcli/src/control_node.cpp:79:3:[m[K [01;31m[Kerror: [m[Kâ€˜[01m[Krclcpp[m[Kâ€™ is not a class, namespace, or enumeration
   79 |   [01;31m[Krclcpp[m[K::shutdown();
      |   [01;31m[K^~~~~~[m[K
gmake[2]: *** [CMakeFiles/client.dir/build.make:76: CMakeFiles/client.dir/src/control_node.cpp.o] Error 1
gmake[1]: *** [CMakeFiles/Makefile2:165: CMakeFiles/client.dir/all] Error 2
gmake: *** [Makefile:146: all] Error 2
